[2017-05-17] 17:44:25 - federico.volpini@isti.cnr.it - UPDATE users_roles SET id_ruolo = 3 WHERE id_persona = 376
[2017-05-17] 17:45:07 - federico.volpini@isti.cnr.it - UPDATE users_roles SET id_ruolo = 3 WHERE id_persona = 208
[2017-05-17] 17:45:16 - federico.volpini@isti.cnr.it - UPDATE users_roles SET id_ruolo = 1 WHERE id_persona = 208
[2017-05-17] 17:45:25 - federico.volpini@isti.cnr.it - UPDATE users_roles SET id_ruolo = 3 WHERE id_persona = 449
[2017-05-17] 17:46:10 - federico.volpini@isti.cnr.it - UPDATE users_roles SET id_ruolo = 1 WHERE id_persona = 449
[2017-05-17] 17:46:37 - federico.volpini@isti.cnr.it - UPDATE users_roles SET id_ruolo = 1 WHERE id_persona = 376
[2017-05-17] 17:49:58 - federico.volpini@isti.cnr.it - INSERT INTO users_roles (id_persona, id_ruolo) VALUES (404, 1)
[2017-05-17] 17:55:07 - federico.volpini@isti.cnr.it - DELETE FROM users_roles WHERE id_persona = 404
[2017-05-17] 18:15:19 - federico.volpini@isti.cnr.it - INSERT INTO users_roles (id_persona, id_ruolo) VALUES (240, 1)
[2017-05-17] 18:15:35 - federico.volpini@isti.cnr.it - UPDATE users_roles SET id_ruolo = 3 WHERE id_persona = 240
[2017-05-17] 18:17:14 - federico.volpini@isti.cnr.it - UPDATE users_roles SET id_ruolo = 1 WHERE id_persona = 240
[2017-05-17] 18:18:59 - federico.volpini@isti.cnr.it - DELETE FROM users_roles WHERE id_persona = 240
[2017-05-18] 12:04:16 - giuseppe.lipari@isti.cnr.it - INSERT INTO signers (id_persona, pkey) VALUES (213, 'cc8a51da2d0402e12deee85e48b64b721043be1f19c91075aaae35ee346e5a711cf364594e519cce428969c9ecae2c60f9cc25726435f9c22da1d491cfbcd740db613dcc22db30ad0a3a77f064fa1fbf391b7193bcaea712cf9f48aff4d1c13a2042df158e4ffa2a996e1cabcd326a28f5562a5b7314fbe65f70ed0b527f636f935b2cbf95fe4f83a286c1519fb7400fcd11a7954249ddf6dc169eea4364b7e3bb62f84c61aa0ba2650f59e111a0c6309c15e2156e0e3e915a06ecb1ddf8b2cbdb15de32786b705fbfcb51bc330797d34a1f8e34a57cf98bc27d42473a99fd2a5d0a69b03abf0602270649925512be7a3c257ca59d295b4e256a642e1466c833')
[2017-05-18] 12:04:25 - giuseppe.lipari@isti.cnr.it - DELETE FROM signers WHERE id_persona = 213
[2017-05-19] 09:52:04 - federico.volpini@isti.cnr.it - DELETE FROM signers WHERE id_persona = 376
[2017-05-19] 09:52:09 - federico.volpini@isti.cnr.it - DELETE FROM signers WHERE id_persona = 449
[2017-05-19] 09:53:05 - federico.volpini@isti.cnr.it - INSERT INTO signers (id_persona, pkey) VALUES (221, '9a6a1f751a8e7eb785b470a024b694f40178789e74dffb6f65f331a9fc0b080a27cb5dc4a38bb753a438b341ed29cd88d66d2c67083f6acdb1b8821b0cf491fe92f86006e97bf763118035a067e278db789b2ae6a69aad56dabf2f56171f9bad7920e9c617804afaa9729119b73e377b0e89b5bcca63a261c7d260b38a97ec136b1d426f35d174740570f57e1924a2444bef226bb02b7d3c9ea21c50953678c202019ed075d345988f9e5e1df76b5a477c04a5981a7a9a86adabd8e819819053111e06674c24b90f567202e4e39d301441677f22db9df511d054cf928d0c3cd175e90e2b3c217ef0eae107100cbbd13632e9b066ac48f9642b624c296f71bb67')
[2017-05-19] 09:55:35 - federico.volpini@isti.cnr.it - INSERT INTO signers (id_persona, pkey) VALUES (337, 'd09f212bb367b3cf83020448f05345aab55a67b8378cef19a71713c47ec8ad165e42d7cb81634608681289bddc9c3a68598dddd0c6d3cc77eef859cc4dc97922c58f6aefc8b6da2fe7aea7ce19d663a1caf197f7f6920b5822b7f143ad7b376f4404331695178205f2da479457109e17887eba71f56742cd9beddfb42215609d')
[2017-05-19] 09:55:49 - federico.volpini@isti.cnr.it - INSERT INTO fixed_signers (id_sr, id_persona, id_delegato) VALUES (4, 221, null)
[2017-05-19] 09:57:02 - federico.volpini@isti.cnr.it - INSERT INTO variable_signers (id_sr, id_persona) VALUES (2, 337)
[2017-05-19] 10:14:53 - federico.volpini@isti.cnr.it - DELETE FROM users_roles WHERE id_persona = 337
[2017-05-19] 10:16:37 - federico.volpini@isti.cnr.it - INSERT INTO signers (id_persona, pkey) VALUES (337, null)
[2017-05-19] 10:16:54 - federico.volpini@isti.cnr.it - DELETE FROM signers WHERE id_persona = 337
[2017-05-19] 10:42:58 - federico.volpini@isti.cnr.it - INSERT INTO signers (id_persona, pkey) VALUES (337, 'd09f212bb367b3cf83020448f05345aab55a67b8378cef19a71713c47ec8ad165e42d7cb81634608681289bddc9c3a68598dddd0c6d3cc77eef859cc4dc97922c58f6aefc8b6da2fe7aea7ce19d663a1caf197f7f6920b5822b7f143ad7b376f4404331695178205f2da479457109e17887eba71f56742cd9beddfb42215609d')
[2017-05-19] 10:43:16 - federico.volpini@isti.cnr.it - INSERT INTO variable_signers (id_sr, id_persona) VALUES (2, 337)
[2017-05-19] 11:07:39 - federico.volpini@isti.cnr.it - DELETE FROM fixed_signers WHERE id_fs = 33
[2017-05-19] 11:07:48 - federico.volpini@isti.cnr.it - INSERT INTO fixed_signers (id_sr, id_persona, id_delegato) VALUES (4, 221, 337)
[2017-05-19] 11:10:00 - federico.volpini@isti.cnr.it - DELETE FROM variable_signers WHERE id_vs = 46
[2017-05-19] 12:45:44 - federico.volpini@isti.cnr.it - INSERT INTO master_documents (nome, type, xml, ftp_folder) VALUES ('missione', 'senza anticipo', 'missioni/missione.v01.xml', 'missioni/2017/05/')
[2017-05-19] 12:45:44 - federico.volpini@isti.cnr.it - Last Insert Id: 67
[2017-05-19] 12:45:44 - federico.volpini@isti.cnr.it - INSERT INTO master_documents_data (id_md, key, value) VALUES (67, 'id missione', 99)
[2017-05-19] 12:45:44 - federico.volpini@isti.cnr.it - INSERT INTO master_documents_data (id_md, key, value) VALUES (67, 'dipendente', 167)
[2017-05-19] 12:45:44 - federico.volpini@isti.cnr.it - INSERT INTO master_documents_data (id_md, key, value) VALUES (67, 'oggetto', 'Partecipazione meeting progetto SoBigData')
[2017-05-19] 12:45:44 - federico.volpini@isti.cnr.it - INSERT INTO master_documents_data (id_md, key, value) VALUES (67, 'località', 'Zurigo')
[2017-05-19] 12:45:44 - federico.volpini@isti.cnr.it - INSERT INTO master_documents_data (id_md, key, value) VALUES (67, 'data inizio missione', '2017-03-13')
[2017-05-19] 12:45:44 - federico.volpini@isti.cnr.it - INSERT INTO master_documents_data (id_md, key, value) VALUES (67, 'data fine missione', '2017-03-16')
[2017-05-19] 12:45:44 - federico.volpini@isti.cnr.it - INSERT INTO master_documents_data (id_md, key, value) VALUES (67, 'importo', 580.45)
[2017-05-19] 12:45:44 - federico.volpini@isti.cnr.it - INSERT INTO master_documents_data (id_md, key, value) VALUES (67, 'laboratorio', 'KDD')
[2017-05-19] 12:45:44 - federico.volpini@isti.cnr.it - INSERT INTO master_documents_data (id_md, key, value) VALUES (67, 'linea attività', 'SOBIGDATA')
[2017-05-19] 12:45:44 - federico.volpini@isti.cnr.it - INSERT INTO master_documents_data (id_md, key, value) VALUES (67, 'natura finanziamento', 'Vincolato')
[2017-05-19] 12:45:44 - federico.volpini@isti.cnr.it - INSERT INTO master_documents_data (id_md, key, value) VALUES (67, 'cup', 'B52I15002690006')
[2017-05-19] 12:45:44 - federico.volpini@isti.cnr.it - INSERT INTO master_documents_data (id_md, key, value) VALUES (67, 'titolare dei fondi', 157)
[2017-05-19] 12:45:44 - federico.volpini@isti.cnr.it - INSERT INTO master_documents_data (id_md, key, value) VALUES (67, 'responsabile di laboratorio', 157)
[2017-05-19] 12:45:45 - federico.volpini@isti.cnr.it - INSERT INTO documents (nome, id_md, extension, imported_file_name) VALUES ('proposta ordine', 67, 'pdf', '/var/lib/tomcat7/webapps/dido-php-test/geco-import/missioni/missione_senza anticipo_99')
[2017-05-19] 12:45:45 - federico.volpini@isti.cnr.it - Last Insert Id: 63
[2017-05-19] 12:47:45 - federico.volpini@isti.cnr.it - INSERT INTO master_documents (nome, type, xml, ftp_folder) VALUES ('missione', 'senza anticipo', 'missioni/missione.v01.xml', 'missioni/2017/05/')
[2017-05-19] 12:47:45 - federico.volpini@isti.cnr.it - Last Insert Id: 68
[2017-05-19] 12:47:45 - federico.volpini@isti.cnr.it - INSERT INTO master_documents_data (id_md, key, value) VALUES (68, 'id missione', 96)
[2017-05-19] 12:47:45 - federico.volpini@isti.cnr.it - INSERT INTO master_documents_data (id_md, key, value) VALUES (68, 'dipendente', 212)
[2017-05-19] 12:47:45 - federico.volpini@isti.cnr.it - INSERT INTO master_documents_data (id_md, key, value) VALUES (68, 'oggetto', 'MANCA - Missione a Torino meeting PERSONAAL - Torino 22-23 Marzo 2017')
[2017-05-19] 12:47:45 - federico.volpini@isti.cnr.it - INSERT INTO master_documents_data (id_md, key, value) VALUES (68, 'località', 'Torino')
[2017-05-19] 12:47:45 - federico.volpini@isti.cnr.it - INSERT INTO master_documents_data (id_md, key, value) VALUES (68, 'data inizio missione', '2017-03-22')
[2017-05-19] 12:47:45 - federico.volpini@isti.cnr.it - INSERT INTO master_documents_data (id_md, key, value) VALUES (68, 'data fine missione', '2017-03-23')
[2017-05-19] 12:47:45 - federico.volpini@isti.cnr.it - INSERT INTO master_documents_data (id_md, key, value) VALUES (68, 'importo', 167.5)
[2017-05-19] 12:47:45 - federico.volpini@isti.cnr.it - INSERT INTO master_documents_data (id_md, key, value) VALUES (68, 'laboratorio', 'HIIS')
[2017-05-19] 12:47:45 - federico.volpini@isti.cnr.it - INSERT INTO master_documents_data (id_md, key, value) VALUES (68, 'linea attività', 'PersonAAL')
[2017-05-19] 12:47:45 - federico.volpini@isti.cnr.it - INSERT INTO master_documents_data (id_md, key, value) VALUES (68, 'natura finanziamento', 'Vincolato')
[2017-05-19] 12:47:45 - federico.volpini@isti.cnr.it - INSERT INTO master_documents_data (id_md, key, value) VALUES (68, 'cup', 'B52I15004800005')
[2017-05-19] 12:47:45 - federico.volpini@isti.cnr.it - INSERT INTO master_documents_data (id_md, key, value) VALUES (68, 'titolare dei fondi', 295)
[2017-05-19] 12:47:45 - federico.volpini@isti.cnr.it - INSERT INTO master_documents_data (id_md, key, value) VALUES (68, 'responsabile di laboratorio', 295)
[2017-05-19] 12:47:46 - federico.volpini@isti.cnr.it - INSERT INTO documents (nome, id_md, extension, imported_file_name) VALUES ('proposta ordine', 68, 'pdf', '/var/lib/tomcat7/webapps/dido-php-test/geco-import/missioni/missione_senza anticipo_96')
[2017-05-19] 12:47:46 - federico.volpini@isti.cnr.it - Last Insert Id: 64
[2017-05-19] 12:47:47 - federico.volpini@isti.cnr.it - INSERT INTO master_documents (nome, type, xml, ftp_folder) VALUES ('missione', 'senza anticipo', 'missioni/missione.v01.xml', 'missioni/2017/05/')
[2017-05-19] 12:47:47 - federico.volpini@isti.cnr.it - Last Insert Id: 69
[2017-05-19] 12:47:47 - federico.volpini@isti.cnr.it - INSERT INTO master_documents_data (id_md, key, value) VALUES (69, 'id missione', 97)
[2017-05-19] 12:47:47 - federico.volpini@isti.cnr.it - INSERT INTO master_documents_data (id_md, key, value) VALUES (69, 'dipendente', 167)
[2017-05-19] 12:47:47 - federico.volpini@isti.cnr.it - INSERT INTO master_documents_data (id_md, key, value) VALUES (69, 'oggetto', 'Partecipazione toscana digital')
[2017-05-19] 12:47:47 - federico.volpini@isti.cnr.it - INSERT INTO master_documents_data (id_md, key, value) VALUES (69, 'località', 'Firenze')
[2017-05-19] 12:47:47 - federico.volpini@isti.cnr.it - INSERT INTO master_documents_data (id_md, key, value) VALUES (69, 'data inizio missione', '2017-03-10')
[2017-05-19] 12:47:47 - federico.volpini@isti.cnr.it - INSERT INTO master_documents_data (id_md, key, value) VALUES (69, 'data fine missione', '2017-03-10')
[2017-05-19] 12:47:47 - federico.volpini@isti.cnr.it - INSERT INTO master_documents_data (id_md, key, value) VALUES (69, 'importo', 60)
[2017-05-19] 12:47:47 - federico.volpini@isti.cnr.it - INSERT INTO master_documents_data (id_md, key, value) VALUES (69, 'laboratorio', 'KDD')
[2017-05-19] 12:47:47 - federico.volpini@isti.cnr.it - INSERT INTO master_documents_data (id_md, key, value) VALUES (69, 'linea attività', 'CURIOSITY DRIVEN - VINCOLATO')
[2017-05-19] 12:47:47 - federico.volpini@isti.cnr.it - INSERT INTO master_documents_data (id_md, key, value) VALUES (69, 'natura finanziamento', 'Vincolato')
[2017-05-19] 12:47:47 - federico.volpini@isti.cnr.it - INSERT INTO master_documents_data (id_md, key, value) VALUES (69, 'cup', 'B54G14000690005')
[2017-05-19] 12:47:47 - federico.volpini@isti.cnr.it - INSERT INTO master_documents_data (id_md, key, value) VALUES (69, 'titolare dei fondi', 157)
[2017-05-19] 12:47:47 - federico.volpini@isti.cnr.it - INSERT INTO master_documents_data (id_md, key, value) VALUES (69, 'responsabile di laboratorio', 157)
[2017-05-19] 12:47:47 - federico.volpini@isti.cnr.it - INSERT INTO documents (nome, id_md, extension, imported_file_name) VALUES ('proposta ordine', 69, 'pdf', '/var/lib/tomcat7/webapps/dido-php-test/geco-import/missioni/missione_senza anticipo_97')
[2017-05-19] 12:47:47 - federico.volpini@isti.cnr.it - Last Insert Id: 65
[2017-05-19] 12:47:48 - federico.volpini@isti.cnr.it - INSERT INTO master_documents (nome, type, xml, ftp_folder) VALUES ('missione', 'senza anticipo', 'missioni/missione.v01.xml', 'missioni/2017/05/')
[2017-05-19] 12:47:48 - federico.volpini@isti.cnr.it - Last Insert Id: 70
[2017-05-19] 12:47:48 - federico.volpini@isti.cnr.it - INSERT INTO master_documents_data (id_md, key, value) VALUES (70, 'id missione', 98)
[2017-05-19] 12:47:48 - federico.volpini@isti.cnr.it - INSERT INTO master_documents_data (id_md, key, value) VALUES (70, 'dipendente', 157)
[2017-05-19] 12:47:48 - federico.volpini@isti.cnr.it - INSERT INTO master_documents_data (id_md, key, value) VALUES (70, 'oggetto', 'Partecipazione meeting progetto SoBigData')
[2017-05-19] 12:47:48 - federico.volpini@isti.cnr.it - INSERT INTO master_documents_data (id_md, key, value) VALUES (70, 'località', 'Zurigo')
[2017-05-19] 12:47:48 - federico.volpini@isti.cnr.it - INSERT INTO master_documents_data (id_md, key, value) VALUES (70, 'data inizio missione', '2017-03-13')
[2017-05-19] 12:47:48 - federico.volpini@isti.cnr.it - INSERT INTO master_documents_data (id_md, key, value) VALUES (70, 'data fine missione', '2017-03-16')
[2017-05-19] 12:47:48 - federico.volpini@isti.cnr.it - INSERT INTO master_documents_data (id_md, key, value) VALUES (70, 'importo', 700)
[2017-05-19] 12:47:48 - federico.volpini@isti.cnr.it - INSERT INTO master_documents_data (id_md, key, value) VALUES (70, 'laboratorio', 'KDD')
[2017-05-19] 12:47:48 - federico.volpini@isti.cnr.it - INSERT INTO master_documents_data (id_md, key, value) VALUES (70, 'linea attività', 'SOBIGDATA')
[2017-05-19] 12:47:48 - federico.volpini@isti.cnr.it - INSERT INTO master_documents_data (id_md, key, value) VALUES (70, 'natura finanziamento', 'Vincolato')
[2017-05-19] 12:47:48 - federico.volpini@isti.cnr.it - INSERT INTO master_documents_data (id_md, key, value) VALUES (70, 'cup', 'B52I15002690006')
[2017-05-19] 12:47:48 - federico.volpini@isti.cnr.it - INSERT INTO master_documents_data (id_md, key, value) VALUES (70, 'titolare dei fondi', 157)
[2017-05-19] 12:47:48 - federico.volpini@isti.cnr.it - INSERT INTO master_documents_data (id_md, key, value) VALUES (70, 'responsabile di laboratorio', 157)
[2017-05-19] 12:47:49 - federico.volpini@isti.cnr.it - INSERT INTO documents (nome, id_md, extension, imported_file_name) VALUES ('proposta ordine', 70, 'pdf', '/var/lib/tomcat7/webapps/dido-php-test/geco-import/missioni/missione_senza anticipo_98')
[2017-05-19] 12:47:49 - federico.volpini@isti.cnr.it - Last Insert Id: 66
[2017-05-19] 12:48:03 - federico.volpini@isti.cnr.it - INSERT INTO master_documents (nome, type, xml, ftp_folder) VALUES ('acquisto', 'mepa', 'acquisti/acquisto.xml', 'acquisti/2017/05/')
[2017-05-19] 12:48:03 - federico.volpini@isti.cnr.it - Last Insert Id: 71
[2017-05-19] 12:48:03 - federico.volpini@isti.cnr.it - INSERT INTO master_documents_data (id_md, key, value) VALUES (71, 'id ordine', 79)
[2017-05-19] 12:48:03 - federico.volpini@isti.cnr.it - INSERT INTO master_documents_data (id_md, key, value) VALUES (71, 'fornitore', 'ADPARTNERS')
[2017-05-19] 12:48:03 - federico.volpini@isti.cnr.it - INSERT INTO master_documents_data (id_md, key, value) VALUES (71, 'richiedente', 302)
[2017-05-19] 12:48:03 - federico.volpini@isti.cnr.it - INSERT INTO master_documents_data (id_md, key, value) VALUES (71, 'destinatario', 331)
[2017-05-19] 12:48:03 - federico.volpini@isti.cnr.it - INSERT INTO master_documents_data (id_md, key, value) VALUES (71, 'descrizione', 'ADPARTNERS - 6X HARD DISK 3.5" 6TB')
[2017-05-19] 12:48:03 - federico.volpini@isti.cnr.it - INSERT INTO master_documents_data (id_md, key, value) VALUES (71, 'linea attività', 'CURIOSITY DRIVEN - CONTO TERZI')
[2017-05-19] 12:48:03 - federico.volpini@isti.cnr.it - INSERT INTO master_documents_data (id_md, key, value) VALUES (71, 'linea attività anno', 2014)
[2017-05-19] 12:48:03 - federico.volpini@isti.cnr.it - INSERT INTO master_documents_data (id_md, key, value) VALUES (71, 'natura finanziamento', 'Conto Terzi')
[2017-05-19] 12:48:03 - federico.volpini@isti.cnr.it - INSERT INTO master_documents_data (id_md, key, value) VALUES (71, 'voce del piano dei conti', 'Materiale informatico')
[2017-05-19] 12:48:03 - federico.volpini@isti.cnr.it - INSERT INTO master_documents_data (id_md, key, value) VALUES (71, 'laboratorio', 'NeMIS')
[2017-05-19] 12:48:03 - federico.volpini@isti.cnr.it - INSERT INTO master_documents_data (id_md, key, value) VALUES (71, 'rup', 302)
[2017-05-19] 12:48:03 - federico.volpini@isti.cnr.it - INSERT INTO master_documents_data (id_md, key, value) VALUES (71, 'cig', 'Z061DC6F07')
[2017-05-19] 12:48:03 - federico.volpini@isti.cnr.it - INSERT INTO master_documents_data (id_md, key, value) VALUES (71, 'cup', 'B54G14000640005')
[2017-05-19] 12:48:03 - federico.volpini@isti.cnr.it - INSERT INTO master_documents_data (id_md, key, value) VALUES (71, 'numero mepa', 3608696)
[2017-05-19] 12:48:03 - federico.volpini@isti.cnr.it - INSERT INTO master_documents_data (id_md, key, value) VALUES (71, 'titolare dei fondi', 302)
[2017-05-19] 12:48:03 - federico.volpini@isti.cnr.it - INSERT INTO master_documents_data (id_md, key, value) VALUES (71, 'responsabile di laboratorio', 302)
[2017-05-19] 12:48:04 - federico.volpini@isti.cnr.it - INSERT INTO documents (nome, id_md, extension, imported_file_name) VALUES ('proposta ordine', 71, 'pdf', '/var/lib/tomcat7/webapps/dido-php-test/geco-import/acquisti/acquisto_mepa_79')
[2017-05-19] 12:48:04 - federico.volpini@isti.cnr.it - Last Insert Id: 67
[2017-05-19] 12:48:04 - federico.volpini@isti.cnr.it - INSERT INTO master_documents (nome, type, xml, ftp_folder) VALUES ('acquisto', 'mepa', 'acquisti/acquisto.xml', 'acquisti/2017/05/')
[2017-05-19] 12:48:04 - federico.volpini@isti.cnr.it - Last Insert Id: 72
[2017-05-19] 12:48:04 - federico.volpini@isti.cnr.it - INSERT INTO master_documents_data (id_md, key, value) VALUES (72, 'id ordine', 80)
[2017-05-19] 12:48:04 - federico.volpini@isti.cnr.it - INSERT INTO master_documents_data (id_md, key, value) VALUES (72, 'fornitore', 'ADPARTNERS')
[2017-05-19] 12:48:04 - federico.volpini@isti.cnr.it - INSERT INTO master_documents_data (id_md, key, value) VALUES (72, 'richiedente', 302)
[2017-05-19] 12:48:04 - federico.volpini@isti.cnr.it - INSERT INTO master_documents_data (id_md, key, value) VALUES (72, 'destinatario', 257)
[2017-05-19] 12:48:04 - federico.volpini@isti.cnr.it - INSERT INTO master_documents_data (id_md, key, value) VALUES (72, 'descrizione', 'ADPARTNERS - 4X DELL TRAY + 2X TASTIERA LOGITECH')
[2017-05-19] 12:48:04 - federico.volpini@isti.cnr.it - INSERT INTO master_documents_data (id_md, key, value) VALUES (72, 'linea attività', 'CURIOSITY DRIVEN - CONTO TERZI')
[2017-05-19] 12:48:04 - federico.volpini@isti.cnr.it - INSERT INTO master_documents_data (id_md, key, value) VALUES (72, 'linea attività anno', 2014)
[2017-05-19] 12:48:04 - federico.volpini@isti.cnr.it - INSERT INTO master_documents_data (id_md, key, value) VALUES (72, 'natura finanziamento', 'Conto Terzi')
[2017-05-19] 12:48:04 - federico.volpini@isti.cnr.it - INSERT INTO master_documents_data (id_md, key, value) VALUES (72, 'voce del piano dei conti', 'Materiale informatico')
[2017-05-19] 12:48:04 - federico.volpini@isti.cnr.it - INSERT INTO master_documents_data (id_md, key, value) VALUES (72, 'laboratorio', 'NeMIS')
[2017-05-19] 12:48:04 - federico.volpini@isti.cnr.it - INSERT INTO master_documents_data (id_md, key, value) VALUES (72, 'rup', 302)
[2017-05-19] 12:48:04 - federico.volpini@isti.cnr.it - INSERT INTO master_documents_data (id_md, key, value) VALUES (72, 'cig', 'Z061DC6F07')
[2017-05-19] 12:48:04 - federico.volpini@isti.cnr.it - INSERT INTO master_documents_data (id_md, key, value) VALUES (72, 'cup', 'B54G14000640005')
[2017-05-19] 12:48:04 - federico.volpini@isti.cnr.it - INSERT INTO master_documents_data (id_md, key, value) VALUES (72, 'numero mepa', 3608696)
[2017-05-19] 12:48:04 - federico.volpini@isti.cnr.it - INSERT INTO master_documents_data (id_md, key, value) VALUES (72, 'titolare dei fondi', 302)
[2017-05-19] 12:48:04 - federico.volpini@isti.cnr.it - INSERT INTO master_documents_data (id_md, key, value) VALUES (72, 'responsabile di laboratorio', 302)
[2017-05-19] 12:48:05 - federico.volpini@isti.cnr.it - INSERT INTO documents (nome, id_md, extension, imported_file_name) VALUES ('proposta ordine', 72, 'pdf', '/var/lib/tomcat7/webapps/dido-php-test/geco-import/acquisti/acquisto_mepa_80')
[2017-05-19] 12:48:05 - federico.volpini@isti.cnr.it - Last Insert Id: 68
[2017-05-19] 12:48:05 - federico.volpini@isti.cnr.it - INSERT INTO master_documents (nome, type, xml, ftp_folder) VALUES ('acquisto', 'mepa', 'acquisti/acquisto.xml', 'acquisti/2017/05/')
[2017-05-19] 12:48:05 - federico.volpini@isti.cnr.it - Last Insert Id: 73
[2017-05-19] 12:48:05 - federico.volpini@isti.cnr.it - INSERT INTO master_documents_data (id_md, key, value) VALUES (73, 'id ordine', 92)
[2017-05-19] 12:48:05 - federico.volpini@isti.cnr.it - INSERT INTO master_documents_data (id_md, key, value) VALUES (73, 'fornitore', 'Computer Team')
[2017-05-19] 12:48:05 - federico.volpini@isti.cnr.it - INSERT INTO master_documents_data (id_md, key, value) VALUES (73, 'richiedente', 281)
[2017-05-19] 12:48:05 - federico.volpini@isti.cnr.it - INSERT INTO master_documents_data (id_md, key, value) VALUES (73, 'destinatario', 60)
[2017-05-19] 12:48:05 - federico.volpini@isti.cnr.it - INSERT INTO master_documents_data (id_md, key, value) VALUES (73, 'descrizione', 'Kit di backup esterno su porta USB3')
[2017-05-19] 12:48:05 - federico.volpini@isti.cnr.it - INSERT INTO master_documents_data (id_md, key, value) VALUES (73, 'linea attività', 'CURIOSITY DRIVEN  - VINCOLATO')
[2017-05-19] 12:48:05 - federico.volpini@isti.cnr.it - INSERT INTO master_documents_data (id_md, key, value) VALUES (73, 'linea attività anno', 2014)
[2017-05-19] 12:48:05 - federico.volpini@isti.cnr.it - INSERT INTO master_documents_data (id_md, key, value) VALUES (73, 'natura finanziamento', 'Vincolato')
[2017-05-19] 12:48:05 - federico.volpini@isti.cnr.it - INSERT INTO master_documents_data (id_md, key, value) VALUES (73, 'voce del piano dei conti', 'Materiale informatico')
[2017-05-19] 12:48:05 - federico.volpini@isti.cnr.it - INSERT INTO master_documents_data (id_md, key, value) VALUES (73, 'laboratorio', 'SI')
[2017-05-19] 12:48:05 - federico.volpini@isti.cnr.it - INSERT INTO master_documents_data (id_md, key, value) VALUES (73, 'rup', 221)
[2017-05-19] 12:48:05 - federico.volpini@isti.cnr.it - INSERT INTO master_documents_data (id_md, key, value) VALUES (73, 'cig', 'Z091E82426')
[2017-05-19] 12:48:05 - federico.volpini@isti.cnr.it - INSERT INTO master_documents_data (id_md, key, value) VALUES (73, 'cup', 'B54G14000570005')
[2017-05-19] 12:48:05 - federico.volpini@isti.cnr.it - INSERT INTO master_documents_data (id_md, key, value) VALUES (73, 'numero mepa', 3615883)
[2017-05-19] 12:48:05 - federico.volpini@isti.cnr.it - INSERT INTO master_documents_data (id_md, key, value) VALUES (73, 'titolare dei fondi', 337)
[2017-05-19] 12:48:05 - federico.volpini@isti.cnr.it - INSERT INTO master_documents_data (id_md, key, value) VALUES (73, 'responsabile di laboratorio', 337)
[2017-05-19] 12:48:06 - federico.volpini@isti.cnr.it - INSERT INTO documents (nome, id_md, extension, imported_file_name) VALUES ('proposta ordine', 73, 'pdf', '/var/lib/tomcat7/webapps/dido-php-test/geco-import/acquisti/acquisto_mepa_92')
[2017-05-19] 12:48:06 - federico.volpini@isti.cnr.it - Last Insert Id: 69
[2017-05-19] 12:48:20 - federico.volpini@isti.cnr.it - INSERT INTO master_documents (nome, type, xml, ftp_folder) VALUES ('ordine cassa', 'fuori mepa', 'acquisti/ordine cassa.xml', 'acquisti/2017/05/')
[2017-05-19] 12:48:20 - federico.volpini@isti.cnr.it - Last Insert Id: 74
[2017-05-19] 12:48:20 - federico.volpini@isti.cnr.it - INSERT INTO master_documents_data (id_md, key, value) VALUES (74, 'id ordine', 69)
[2017-05-19] 12:48:20 - federico.volpini@isti.cnr.it - INSERT INTO master_documents_data (id_md, key, value) VALUES (74, 'fornitore', 'Computer shop snc')
[2017-05-19] 12:48:20 - federico.volpini@isti.cnr.it - INSERT INTO master_documents_data (id_md, key, value) VALUES (74, 'richiedente', 259)
[2017-05-19] 12:48:20 - federico.volpini@isti.cnr.it - INSERT INTO master_documents_data (id_md, key, value) VALUES (74, 'destinatario', 259)
[2017-05-19] 12:48:20 - federico.volpini@isti.cnr.it - INSERT INTO master_documents_data (id_md, key, value) VALUES (74, 'descrizione', 'cartuccia toner stampante laserjet P1606')
[2017-05-19] 12:48:20 - federico.volpini@isti.cnr.it - INSERT INTO master_documents_data (id_md, key, value) VALUES (74, 'linea attività', 'CURIOSITY DRIVEN  - VINCOLATO')
[2017-05-19] 12:48:20 - federico.volpini@isti.cnr.it - INSERT INTO master_documents_data (id_md, key, value) VALUES (74, 'linea attività anno', 2014)
[2017-05-19] 12:48:20 - federico.volpini@isti.cnr.it - INSERT INTO master_documents_data (id_md, key, value) VALUES (74, 'natura finanziamento', 'Vincolato')
[2017-05-19] 12:48:20 - federico.volpini@isti.cnr.it - INSERT INTO master_documents_data (id_md, key, value) VALUES (74, 'voce del piano dei conti', 'Materiale informatico')
[2017-05-19] 12:48:20 - federico.volpini@isti.cnr.it - INSERT INTO master_documents_data (id_md, key, value) VALUES (74, 'cup', 'B54G14000540005')
[2017-05-19] 12:48:20 - federico.volpini@isti.cnr.it - INSERT INTO master_documents_data (id_md, key, value) VALUES (74, 'titolare dei fondi', 259)
[2017-05-19] 12:48:20 - federico.volpini@isti.cnr.it - INSERT INTO master_documents_data (id_md, key, value) VALUES (74, 'responsabile di laboratorio', 259)
[2017-05-19] 12:48:21 - federico.volpini@isti.cnr.it - INSERT INTO documents (nome, id_md, extension, imported_file_name) VALUES ('proposta ordine', 74, 'pdf', '/var/lib/tomcat7/webapps/dido-php-test/geco-import/acquisti/ordine cassa_fuori mepa_69')
[2017-05-19] 12:48:21 - federico.volpini@isti.cnr.it - Last Insert Id: 70
[2017-05-19] 12:48:22 - federico.volpini@isti.cnr.it - INSERT INTO master_documents (nome, type, xml, ftp_folder) VALUES ('ordine cassa', 'fuori mepa', 'acquisti/ordine cassa.xml', 'acquisti/2017/05/')
[2017-05-19] 12:48:22 - federico.volpini@isti.cnr.it - Last Insert Id: 75
[2017-05-19] 12:48:22 - federico.volpini@isti.cnr.it - INSERT INTO master_documents_data (id_md, key, value) VALUES (75, 'id ordine', 91)
[2017-05-19] 12:48:22 - federico.volpini@isti.cnr.it - INSERT INTO master_documents_data (id_md, key, value) VALUES (75, 'fornitore', 'Ferramenta Bonanni')
[2017-05-19] 12:48:22 - federico.volpini@isti.cnr.it - INSERT INTO master_documents_data (id_md, key, value) VALUES (75, 'richiedente', 281)
[2017-05-19] 12:48:22 - federico.volpini@isti.cnr.it - INSERT INTO master_documents_data (id_md, key, value) VALUES (75, 'destinatario', 281)
[2017-05-19] 12:48:22 - federico.volpini@isti.cnr.it - INSERT INTO master_documents_data (id_md, key, value) VALUES (75, 'descrizione', 'copie chiavi')
[2017-05-19] 12:48:22 - federico.volpini@isti.cnr.it - INSERT INTO master_documents_data (id_md, key, value) VALUES (75, 'linea attività', 'CURIOSITY DRIVEN  - VINCOLATO')
[2017-05-19] 12:48:22 - federico.volpini@isti.cnr.it - INSERT INTO master_documents_data (id_md, key, value) VALUES (75, 'linea attività anno', 2014)
[2017-05-19] 12:48:22 - federico.volpini@isti.cnr.it - INSERT INTO master_documents_data (id_md, key, value) VALUES (75, 'natura finanziamento', 'Vincolato')
[2017-05-19] 12:48:22 - federico.volpini@isti.cnr.it - INSERT INTO master_documents_data (id_md, key, value) VALUES (75, 'voce del piano dei conti', 'Altri beni e materiali di consumo')
[2017-05-19] 12:48:22 - federico.volpini@isti.cnr.it - INSERT INTO master_documents_data (id_md, key, value) VALUES (75, 'cup', 'B54G14000570005')
[2017-05-19] 12:48:22 - federico.volpini@isti.cnr.it - INSERT INTO master_documents_data (id_md, key, value) VALUES (75, 'titolare dei fondi', 337)
[2017-05-19] 12:48:22 - federico.volpini@isti.cnr.it - INSERT INTO master_documents_data (id_md, key, value) VALUES (75, 'responsabile di laboratorio', 337)
[2017-05-19] 12:48:23 - federico.volpini@isti.cnr.it - INSERT INTO documents (nome, id_md, extension, imported_file_name) VALUES ('proposta ordine', 75, 'pdf', '/var/lib/tomcat7/webapps/dido-php-test/geco-import/acquisti/ordine cassa_fuori mepa_91')
[2017-05-19] 12:48:23 - federico.volpini@isti.cnr.it - Last Insert Id: 71
